<?xml version="1.0" encoding="UTF-8"?>
<!-- Generated by org.testng.reporters.JUnitReportReporter -->
<testsuite ignored="0" hostname="DESKTOP-UVUN50M" failures="0" tests="4" name="testingproject.ChromeTest" time="57.787" errors="0" timestamp="21 Jan 2021 12:34:51 GMT" skipped="0">
  <testcase classname="testingproject.ChromeTest" name="test" time="13.366"/>
  <testcase classname="testingproject.ChromeTest" name="test" time="13.305"/>
  <testcase classname="testingproject.ChromeTest" name="test" time="13.860"/>
  <testcase classname="testingproject.ChromeTest" name="test" time="17.256"/>
</testsuite> <!-- testingproject.ChromeTest -->
